F:\PPT\编译课设\CODE\PARSER-MASTER\区分变元终结符\DEBUG\MAIN.OBJ
F:\PPT\编译课设\CODE\PARSER-MASTER\区分变元终结符\DEBUG\VC110.PDB
F:\PPT\编译课设\CODE\PARSER-MASTER\DEBUG\区分变元终结符.ILK
F:\PPT\编译课设\CODE\PARSER-MASTER\DEBUG\区分变元终结符.EXE
F:\PPT\编译课设\CODE\PARSER-MASTER\DEBUG\区分变元终结符.PDB
F:\PPT\编译课设\code\Parser-master\区分变元终结符\Debug\main.obj
F:\PPT\编译课设\code\Parser-master\区分变元终结符\Debug\cl.command.1.tlog
F:\PPT\编译课设\code\Parser-master\区分变元终结符\Debug\CL.read.1.tlog
F:\PPT\编译课设\code\Parser-master\区分变元终结符\Debug\CL.write.1.tlog
F:\PPT\编译课设\code\Parser-master\区分变元终结符\Debug\link-cvtres.read.1.tlog
F:\PPT\编译课设\code\Parser-master\区分变元终结符\Debug\link-cvtres.write.1.tlog
F:\PPT\编译课设\code\Parser-master\区分变元终结符\Debug\link-rc.read.1.tlog
F:\PPT\编译课设\code\Parser-master\区分变元终结符\Debug\link-rc.write.1.tlog
F:\PPT\编译课设\code\Parser-master\区分变元终结符\Debug\link.47052-cvtres.read.1.tlog
F:\PPT\编译课设\code\Parser-master\区分变元终结符\Debug\link.47052-cvtres.write.1.tlog
F:\PPT\编译课设\code\Parser-master\区分变元终结符\Debug\link.47052-rc.read.1.tlog
F:\PPT\编译课设\code\Parser-master\区分变元终结符\Debug\link.47052-rc.write.1.tlog
F:\PPT\编译课设\code\Parser-master\区分变元终结符\Debug\link.47052.read.1.tlog
F:\PPT\编译课设\code\Parser-master\区分变元终结符\Debug\link.47052.write.1.tlog
F:\PPT\编译课设\code\Parser-master\区分变元终结符\Debug\link.72372-cvtres.read.1.tlog
F:\PPT\编译课设\code\Parser-master\区分变元终结符\Debug\link.72372-cvtres.write.1.tlog
F:\PPT\编译课设\code\Parser-master\区分变元终结符\Debug\link.72372-rc.read.1.tlog
F:\PPT\编译课设\code\Parser-master\区分变元终结符\Debug\link.72372-rc.write.1.tlog
F:\PPT\编译课设\code\Parser-master\区分变元终结符\Debug\link.72372.read.1.tlog
F:\PPT\编译课设\code\Parser-master\区分变元终结符\Debug\link.72372.write.1.tlog
F:\PPT\编译课设\code\Parser-master\区分变元终结符\Debug\link.79564-cvtres.read.1.tlog
F:\PPT\编译课设\code\Parser-master\区分变元终结符\Debug\link.79564-cvtres.write.1.tlog
F:\PPT\编译课设\code\Parser-master\区分变元终结符\Debug\link.79564-rc.read.1.tlog
F:\PPT\编译课设\code\Parser-master\区分变元终结符\Debug\link.79564-rc.write.1.tlog
F:\PPT\编译课设\code\Parser-master\区分变元终结符\Debug\link.79564.read.1.tlog
F:\PPT\编译课设\code\Parser-master\区分变元终结符\Debug\link.79564.write.1.tlog
F:\PPT\编译课设\code\Parser-master\区分变元终结符\Debug\link.command.1.tlog
F:\PPT\编译课设\code\Parser-master\区分变元终结符\Debug\link.read.1.tlog
F:\PPT\编译课设\code\Parser-master\区分变元终结符\Debug\link.write.1.tlog
F:\PPT\编译课设\code\Parser-master\区分变元终结符\Debug\vc110.idb
F:\PPT\编译课设\code\Parser-master\区分变元终结符\Debug\vc110.pdb
F:\PPT\编译课设\code\Parser-master\Debug\区分变元终结符.pdb
F:\PPT\编译课设\code\Parser-master\Debug\区分变元终结符.exe
F:\PPT\编译课设\code\Parser-master\Debug\区分变元终结符.ilk
