生成启动时间为 2015/12/20 23:10:34。
     1>项目“F:\PPT\编译课设\code\Parser-master\区分变元终结符\区分变元终结符.vcxproj”在节点 2 上(Build 个目标)。
     1>ClCompile:
         E:\Program Files (x86)\Microsoft Visual Studio 11.0\VC\bin\CL.exe /c /ZI /nologo /W3 /WX- /Od /Oy- /D WIN32 /D _DEBUG /D _CONSOLE /D _UNICODE /D UNICODE /Gm /EHsc /RTC1 /MDd /GS /fp:precise /Zc:wchar_t /Zc:forScope /Fo"Debug\\" /Fd"Debug\vc110.pdb" /Gd /TP /analyze- /errorReport:prompt LR1PG.cpp
         LR1PG.cpp
     1>f:\ppt\编译课设\code\parser-master\区分变元终结符\lr1pg.h(67): warning C4018: “<”: 有符号/无符号不匹配
     1>f:\ppt\编译课设\code\parser-master\区分变元终结符\lr1pg.cpp(204): warning C4018: “<”: 有符号/无符号不匹配
     1>f:\ppt\编译课设\code\parser-master\区分变元终结符\lr1pg.cpp(212): warning C4018: “<”: 有符号/无符号不匹配
     1>f:\ppt\编译课设\code\parser-master\区分变元终结符\lr1pg.cpp(235): warning C4018: “<”: 有符号/无符号不匹配
     1>f:\ppt\编译课设\code\parser-master\区分变元终结符\lr1pg.cpp(256): warning C4018: “<”: 有符号/无符号不匹配
     1>f:\ppt\编译课设\code\parser-master\区分变元终结符\lr1pg.cpp(484): warning C4018: “<”: 有符号/无符号不匹配
     1>f:\ppt\编译课设\code\parser-master\区分变元终结符\lr1pg.cpp(522): warning C4996: '_itoa': This function or variable may be unsafe. Consider using _itoa_s instead. To disable deprecation, use _CRT_SECURE_NO_WARNINGS. See online help for details.
                 e:\program files (x86)\microsoft visual studio 11.0\vc\include\stdlib.h(468) : 参见“_itoa”的声明
     1>f:\ppt\编译课设\code\parser-master\区分变元终结符\lr1pg.cpp(617): warning C4996: 'fopen': This function or variable may be unsafe. Consider using fopen_s instead. To disable deprecation, use _CRT_SECURE_NO_WARNINGS. See online help for details.
                 e:\program files (x86)\microsoft visual studio 11.0\vc\include\stdio.h(218) : 参见“fopen”的声明
     1>f:\ppt\编译课设\code\parser-master\区分变元终结符\lr1pg.cpp(626): warning C4305: “参数”: 从“int”到“char”截断
     1>f:\ppt\编译课设\code\parser-master\区分变元终结符\lr1pg.cpp(626): warning C4309: “参数”: 截断常量值
     1>f:\ppt\编译课设\code\parser-master\区分变元终结符\lr1pg.cpp(646): warning C4996: 'fopen': This function or variable may be unsafe. Consider using fopen_s instead. To disable deprecation, use _CRT_SECURE_NO_WARNINGS. See online help for details.
                 e:\program files (x86)\microsoft visual studio 11.0\vc\include\stdio.h(218) : 参见“fopen”的声明
     1>f:\ppt\编译课设\code\parser-master\区分变元终结符\lr1pg.cpp(658): warning C4305: “参数”: 从“int”到“char”截断
     1>f:\ppt\编译课设\code\parser-master\区分变元终结符\lr1pg.cpp(658): warning C4309: “参数”: 截断常量值
     1>f:\ppt\编译课设\code\parser-master\区分变元终结符\lr1pg.cpp(665): warning C4018: “<”: 有符号/无符号不匹配
     1>f:\ppt\编译课设\code\parser-master\区分变元终结符\lr1pg.cpp(725): warning C4018: “<”: 有符号/无符号不匹配
     1>f:\ppt\编译课设\code\parser-master\区分变元终结符\lr1pg.cpp(733): warning C4018: “<”: 有符号/无符号不匹配
       Link:
         E:\Program Files (x86)\Microsoft Visual Studio 11.0\VC\bin\link.exe /ERRORREPORT:PROMPT /OUT:"F:\PPT\编译课设\code\Parser-master\Debug\区分变元终结符.exe" /INCREMENTAL /NOLOGO kernel32.lib user32.lib gdi32.lib winspool.lib comdlg32.lib advapi32.lib shell32.lib ole32.lib oleaut32.lib uuid.lib odbc32.lib odbccp32.lib /MANIFEST /MANIFESTUAC:"level='asInvoker' uiAccess='false'" /manifest:embed /DEBUG /PDB:"F:\PPT\编译课设\code\Parser-master\Debug\区分变元终结符.pdb" /SUBSYSTEM:CONSOLE /TLBID:1 /DYNAMICBASE /NXCOMPAT /IMPLIB:"F:\PPT\编译课设\code\Parser-master\Debug\区分变元终结符.lib" /MACHINE:X86 Debug\LR1PG.obj
         Debug\main.obj
         区分变元终结符.vcxproj -> F:\PPT\编译课设\code\Parser-master\Debug\区分变元终结符.exe
     1>已完成生成项目“F:\PPT\编译课设\code\Parser-master\区分变元终结符\区分变元终结符.vcxproj”(Build 个目标)的操作。

生成成功。

已用时间 00:00:02.92
